Build started 31/8/2015 3:44:27 PM.
     1>Project "C:\Users\Acer\Desktop\all studio project\all back ups\Backup 30_08_2015\SP1Framework\SP1Framework.vcxproj" on node 2 (build target(s)).
     1>InitializeBuildStatus:
         Touching "Debug\SP1Framework.unsuccessfulbuild".
       ClCompile:
         All outputs are up-to-date.
       ManifestResourceCompile:
         All outputs are up-to-date.
       Link:
         C:\Program Files (x86)\Microsoft Visual Studio 10.0\VC\bin\link.exe /ERRORREPORT:PROMPT /OUT:"C:\Users\Acer\Desktop\all studio project\all back ups\Backup 30_08_2015\Debug\SP1Framework.exe" /INCREMENTAL /NOLOGO winmm.lib kernel32.lib user32.lib gdi32.lib winspool.lib comdlg32.lib advapi32.lib shell32.lib ole32.lib oleaut32.lib uuid.lib odbc32.lib odbccp32.lib /MANIFEST /ManifestFile:"Debug\SP1Framework.exe.intermediate.manifest" /MANIFESTUAC:"level='asInvoker' uiAccess='false'" /DEBUG /PDB:"C:\Users\Acer\Desktop\all studio project\all back ups\Backup 30_08_2015\Debug\SP1Framework.pdb" /SUBSYSTEM:CONSOLE /TLBID:1 /DYNAMICBASE /NXCOMPAT /IMPLIB:"C:\Users\Acer\Desktop\all studio project\all back ups\Backup 30_08_2015\Debug\SP1Framework.lib" /MACHINE:X86 Debug\SP1Framework.exe.embed.manifest.res
         Debug\board.obj
         Debug\difficulty.obj
         Debug\console.obj
         Debug\timer.obj
         Debug\game.obj
         Debug\gameGUI.obj
         Debug\HighScore.obj
         Debug\hinting.obj
         Debug\loading.obj
         Debug\main.obj
         Debug\move.obj
         Debug\playermenu.obj
         Debug\points.obj
         Debug\startmenu.obj
       Manifest:
         C:\Program Files (x86)\Microsoft SDKs\Windows\v7.0A\bin\mt.exe /nologo /verbose /out:"Debug\SP1Framework.exe.embed.manifest" /manifest Debug\SP1Framework.exe.intermediate.manifest
         All outputs are up-to-date.
       LinkEmbedManifest:
         All outputs are up-to-date.
         SP1Framework.vcxproj -> C:\Users\Acer\Desktop\all studio project\all back ups\Backup 30_08_2015\Debug\SP1Framework.exe
       FinalizeBuildStatus:
         Deleting file "Debug\SP1Framework.unsuccessfulbuild".
         Touching "Debug\SP1Framework.lastbuildstate".
     1>Done Building Project "C:\Users\Acer\Desktop\all studio project\all back ups\Backup 30_08_2015\SP1Framework\SP1Framework.vcxproj" (build target(s)).

Build succeeded.

Time Elapsed 00:00:00.27
