C:\USERS\ACER\DESKTOP\ALL STUDIO PROJECT\ALL BACK UPS\BACKUP 30_08_2015\DEBUG\SP1FRAMEWORK.EXE
C:\USERS\ACER\DESKTOP\ALL STUDIO PROJECT\ALL BACK UPS\BACKUP 30_08_2015\DEBUG\SP1FRAMEWORK.ILK
C:\USERS\ACER\DESKTOP\ALL STUDIO PROJECT\ALL BACK UPS\BACKUP 30_08_2015\DEBUG\SP1FRAMEWORK.PDB
C:\USERS\ACER\DESKTOP\ALL STUDIO PROJECT\ALL BACK UPS\BACKUP 30_08_2015\SP1FRAMEWORK\DEBUG\BOARD.OBJ
C:\Users\Acer\Desktop\all studio project\all back ups\Backup 30_08_2015\SP1Framework\Debug\cl.command.1.tlog
C:\Users\Acer\Desktop\all studio project\all back ups\Backup 30_08_2015\SP1Framework\Debug\CL.read.1.tlog
C:\Users\Acer\Desktop\all studio project\all back ups\Backup 30_08_2015\SP1Framework\Debug\CL.write.1.tlog
C:\USERS\ACER\DESKTOP\ALL STUDIO PROJECT\ALL BACK UPS\BACKUP 30_08_2015\SP1FRAMEWORK\DEBUG\CONSOLE.OBJ
C:\USERS\ACER\DESKTOP\ALL STUDIO PROJECT\ALL BACK UPS\BACKUP 30_08_2015\SP1FRAMEWORK\DEBUG\DIFFICULTY.OBJ
C:\USERS\ACER\DESKTOP\ALL STUDIO PROJECT\ALL BACK UPS\BACKUP 30_08_2015\SP1FRAMEWORK\DEBUG\GAME.OBJ
C:\USERS\ACER\DESKTOP\ALL STUDIO PROJECT\ALL BACK UPS\BACKUP 30_08_2015\SP1FRAMEWORK\DEBUG\GAMEGUI.OBJ
C:\USERS\ACER\DESKTOP\ALL STUDIO PROJECT\ALL BACK UPS\BACKUP 30_08_2015\SP1FRAMEWORK\DEBUG\HIGHSCORE.OBJ
C:\USERS\ACER\DESKTOP\ALL STUDIO PROJECT\ALL BACK UPS\BACKUP 30_08_2015\SP1FRAMEWORK\DEBUG\HINTING.OBJ
C:\Users\Acer\Desktop\all studio project\all back ups\Backup 30_08_2015\SP1Framework\Debug\link.10364.read.1.tlog
C:\Users\Acer\Desktop\all studio project\all back ups\Backup 30_08_2015\SP1Framework\Debug\link.10364.write.1.tlog
C:\Users\Acer\Desktop\all studio project\all back ups\Backup 30_08_2015\SP1Framework\Debug\link.10364-cvtres.read.1.tlog
C:\Users\Acer\Desktop\all studio project\all back ups\Backup 30_08_2015\SP1Framework\Debug\link.10364-cvtres.write.1.tlog
C:\Users\Acer\Desktop\all studio project\all back ups\Backup 30_08_2015\SP1Framework\Debug\link.11992.read.1.tlog
C:\Users\Acer\Desktop\all studio project\all back ups\Backup 30_08_2015\SP1Framework\Debug\link.11992.write.1.tlog
C:\Users\Acer\Desktop\all studio project\all back ups\Backup 30_08_2015\SP1Framework\Debug\link.11992-cvtres.read.1.tlog
C:\Users\Acer\Desktop\all studio project\all back ups\Backup 30_08_2015\SP1Framework\Debug\link.11992-cvtres.write.1.tlog
C:\Users\Acer\Desktop\all studio project\all back ups\Backup 30_08_2015\SP1Framework\Debug\link.13912.read.1.tlog
C:\Users\Acer\Desktop\all studio project\all back ups\Backup 30_08_2015\SP1Framework\Debug\link.13912.write.1.tlog
C:\Users\Acer\Desktop\all studio project\all back ups\Backup 30_08_2015\SP1Framework\Debug\link.13912-cvtres.read.1.tlog
C:\Users\Acer\Desktop\all studio project\all back ups\Backup 30_08_2015\SP1Framework\Debug\link.13912-cvtres.write.1.tlog
C:\Users\Acer\Desktop\all studio project\all back ups\Backup 30_08_2015\SP1Framework\Debug\link.14204.read.1.tlog
C:\Users\Acer\Desktop\all studio project\all back ups\Backup 30_08_2015\SP1Framework\Debug\link.14204.write.1.tlog
C:\Users\Acer\Desktop\all studio project\all back ups\Backup 30_08_2015\SP1Framework\Debug\link.14204-cvtres.read.1.tlog
C:\Users\Acer\Desktop\all studio project\all back ups\Backup 30_08_2015\SP1Framework\Debug\link.14204-cvtres.write.1.tlog
C:\Users\Acer\Desktop\all studio project\all back ups\Backup 30_08_2015\SP1Framework\Debug\link.2396.read.1.tlog
C:\Users\Acer\Desktop\all studio project\all back ups\Backup 30_08_2015\SP1Framework\Debug\link.2396.write.1.tlog
C:\Users\Acer\Desktop\all studio project\all back ups\Backup 30_08_2015\SP1Framework\Debug\link.2396-cvtres.read.1.tlog
C:\Users\Acer\Desktop\all studio project\all back ups\Backup 30_08_2015\SP1Framework\Debug\link.2396-cvtres.write.1.tlog
C:\Users\Acer\Desktop\all studio project\all back ups\Backup 30_08_2015\SP1Framework\Debug\link.5708.read.1.tlog
C:\Users\Acer\Desktop\all studio project\all back ups\Backup 30_08_2015\SP1Framework\Debug\link.5708.write.1.tlog
C:\Users\Acer\Desktop\all studio project\all back ups\Backup 30_08_2015\SP1Framework\Debug\link.5708-cvtres.read.1.tlog
C:\Users\Acer\Desktop\all studio project\all back ups\Backup 30_08_2015\SP1Framework\Debug\link.5708-cvtres.write.1.tlog
C:\Users\Acer\Desktop\all studio project\all back ups\Backup 30_08_2015\SP1Framework\Debug\link.6100.read.1.tlog
C:\Users\Acer\Desktop\all studio project\all back ups\Backup 30_08_2015\SP1Framework\Debug\link.6100.write.1.tlog
C:\Users\Acer\Desktop\all studio project\all back ups\Backup 30_08_2015\SP1Framework\Debug\link.6100-cvtres.read.1.tlog
C:\Users\Acer\Desktop\all studio project\all back ups\Backup 30_08_2015\SP1Framework\Debug\link.6100-cvtres.write.1.tlog
C:\Users\Acer\Desktop\all studio project\all back ups\Backup 30_08_2015\SP1Framework\Debug\link.6264.read.1.tlog
C:\Users\Acer\Desktop\all studio project\all back ups\Backup 30_08_2015\SP1Framework\Debug\link.6264.write.1.tlog
C:\Users\Acer\Desktop\all studio project\all back ups\Backup 30_08_2015\SP1Framework\Debug\link.6264-cvtres.read.1.tlog
C:\Users\Acer\Desktop\all studio project\all back ups\Backup 30_08_2015\SP1Framework\Debug\link.6264-cvtres.write.1.tlog
C:\Users\Acer\Desktop\all studio project\all back ups\Backup 30_08_2015\SP1Framework\Debug\link.6704.read.1.tlog
C:\Users\Acer\Desktop\all studio project\all back ups\Backup 30_08_2015\SP1Framework\Debug\link.6704.write.1.tlog
C:\Users\Acer\Desktop\all studio project\all back ups\Backup 30_08_2015\SP1Framework\Debug\link.6704-cvtres.read.1.tlog
C:\Users\Acer\Desktop\all studio project\all back ups\Backup 30_08_2015\SP1Framework\Debug\link.6704-cvtres.write.1.tlog
C:\Users\Acer\Desktop\all studio project\all back ups\Backup 30_08_2015\SP1Framework\Debug\link.6916.read.1.tlog
C:\Users\Acer\Desktop\all studio project\all back ups\Backup 30_08_2015\SP1Framework\Debug\link.6916.write.1.tlog
C:\Users\Acer\Desktop\all studio project\all back ups\Backup 30_08_2015\SP1Framework\Debug\link.6916-cvtres.read.1.tlog
C:\Users\Acer\Desktop\all studio project\all back ups\Backup 30_08_2015\SP1Framework\Debug\link.6916-cvtres.write.1.tlog
C:\Users\Acer\Desktop\all studio project\all back ups\Backup 30_08_2015\SP1Framework\Debug\link.8068.read.1.tlog
C:\Users\Acer\Desktop\all studio project\all back ups\Backup 30_08_2015\SP1Framework\Debug\link.8068.write.1.tlog
C:\Users\Acer\Desktop\all studio project\all back ups\Backup 30_08_2015\SP1Framework\Debug\link.8068-cvtres.read.1.tlog
C:\Users\Acer\Desktop\all studio project\all back ups\Backup 30_08_2015\SP1Framework\Debug\link.8068-cvtres.write.1.tlog
C:\Users\Acer\Desktop\all studio project\all back ups\Backup 30_08_2015\SP1Framework\Debug\link.command.1.tlog
C:\Users\Acer\Desktop\all studio project\all back ups\Backup 30_08_2015\SP1Framework\Debug\link.read.1.tlog
C:\Users\Acer\Desktop\all studio project\all back ups\Backup 30_08_2015\SP1Framework\Debug\link.write.1.tlog
C:\Users\Acer\Desktop\all studio project\all back ups\Backup 30_08_2015\SP1Framework\Debug\link-cvtres.read.1.tlog
C:\Users\Acer\Desktop\all studio project\all back ups\Backup 30_08_2015\SP1Framework\Debug\link-cvtres.write.1.tlog
C:\USERS\ACER\DESKTOP\ALL STUDIO PROJECT\ALL BACK UPS\BACKUP 30_08_2015\SP1FRAMEWORK\DEBUG\LOADING.OBJ
C:\USERS\ACER\DESKTOP\ALL STUDIO PROJECT\ALL BACK UPS\BACKUP 30_08_2015\SP1FRAMEWORK\DEBUG\MAIN.OBJ
C:\USERS\ACER\DESKTOP\ALL STUDIO PROJECT\ALL BACK UPS\BACKUP 30_08_2015\SP1FRAMEWORK\DEBUG\MOVE.OBJ
C:\Users\Acer\Desktop\all studio project\all back ups\Backup 30_08_2015\SP1Framework\Debug\mt.command.1.tlog
C:\Users\Acer\Desktop\all studio project\all back ups\Backup 30_08_2015\SP1Framework\Debug\mt.read.1.tlog
C:\Users\Acer\Desktop\all studio project\all back ups\Backup 30_08_2015\SP1Framework\Debug\mt.write.1.tlog
C:\USERS\ACER\DESKTOP\ALL STUDIO PROJECT\ALL BACK UPS\BACKUP 30_08_2015\SP1FRAMEWORK\DEBUG\PLAYERMENU.OBJ
C:\USERS\ACER\DESKTOP\ALL STUDIO PROJECT\ALL BACK UPS\BACKUP 30_08_2015\SP1FRAMEWORK\DEBUG\POINTS.OBJ
C:\Users\Acer\Desktop\all studio project\all back ups\Backup 30_08_2015\SP1Framework\Debug\rc.command.1.tlog
C:\Users\Acer\Desktop\all studio project\all back ups\Backup 30_08_2015\SP1Framework\Debug\rc.read.1.tlog
C:\Users\Acer\Desktop\all studio project\all back ups\Backup 30_08_2015\SP1Framework\Debug\rc.write.1.tlog
C:\Users\Acer\Desktop\all studio project\all back ups\Backup 30_08_2015\SP1Framework\Debug\SP1Framework.exe.embed.manifest
C:\USERS\ACER\DESKTOP\ALL STUDIO PROJECT\ALL BACK UPS\BACKUP 30_08_2015\SP1FRAMEWORK\DEBUG\SP1FRAMEWORK.EXE.EMBED.MANIFEST.RES
C:\USERS\ACER\DESKTOP\ALL STUDIO PROJECT\ALL BACK UPS\BACKUP 30_08_2015\SP1FRAMEWORK\DEBUG\SP1FRAMEWORK.EXE.INTERMEDIATE.MANIFEST
C:\Users\Acer\Desktop\all studio project\all back ups\Backup 30_08_2015\SP1Framework\Debug\SP1Framework.vcxprojResolveAssemblyReference.cache
C:\Users\Acer\Desktop\all studio project\all back ups\Backup 30_08_2015\SP1Framework\Debug\SP1Framework.write.1.tlog
C:\Users\Acer\Desktop\all studio project\all back ups\Backup 30_08_2015\SP1Framework\Debug\SP1Framework_manifest.rc
C:\USERS\ACER\DESKTOP\ALL STUDIO PROJECT\ALL BACK UPS\BACKUP 30_08_2015\SP1FRAMEWORK\DEBUG\STARTMENU.OBJ
C:\USERS\ACER\DESKTOP\ALL STUDIO PROJECT\ALL BACK UPS\BACKUP 30_08_2015\SP1FRAMEWORK\DEBUG\TIMER.OBJ
C:\Users\Acer\Desktop\all studio project\all back ups\Backup 30_08_2015\SP1Framework\Debug\vc100.idb
C:\USERS\ACER\DESKTOP\ALL STUDIO PROJECT\ALL BACK UPS\BACKUP 30_08_2015\SP1FRAMEWORK\DEBUG\VC100.PDB
C:\USERS\SRI\DESKTOP\BACKUP 30_08_2015\DEBUG\SP1FRAMEWORK.EXE
C:\USERS\SRI\DESKTOP\BACKUP 30_08_2015\DEBUG\SP1FRAMEWORK.ILK
C:\USERS\SRI\DESKTOP\BACKUP 30_08_2015\DEBUG\SP1FRAMEWORK.PDB
C:\USERS\SRI\DESKTOP\BACKUP 30_08_2015\SP1FRAMEWORK\DEBUG\BOARD.OBJ
C:\USERS\SRI\DESKTOP\BACKUP 30_08_2015\SP1FRAMEWORK\DEBUG\CONSOLE.OBJ
C:\USERS\SRI\DESKTOP\BACKUP 30_08_2015\SP1FRAMEWORK\DEBUG\DIFFICULTY.OBJ
C:\USERS\SRI\DESKTOP\BACKUP 30_08_2015\SP1FRAMEWORK\DEBUG\GAME.OBJ
C:\USERS\SRI\DESKTOP\BACKUP 30_08_2015\SP1FRAMEWORK\DEBUG\GAMEGUI.OBJ
C:\USERS\SRI\DESKTOP\BACKUP 30_08_2015\SP1FRAMEWORK\DEBUG\HINTING.OBJ
C:\USERS\SRI\DESKTOP\BACKUP 30_08_2015\SP1FRAMEWORK\DEBUG\LOADING.OBJ
C:\USERS\SRI\DESKTOP\BACKUP 30_08_2015\SP1FRAMEWORK\DEBUG\MAIN.OBJ
C:\USERS\SRI\DESKTOP\BACKUP 30_08_2015\SP1FRAMEWORK\DEBUG\MOVE.OBJ
C:\USERS\SRI\DESKTOP\BACKUP 30_08_2015\SP1FRAMEWORK\DEBUG\PLAYERMENU.OBJ
C:\USERS\SRI\DESKTOP\BACKUP 30_08_2015\SP1FRAMEWORK\DEBUG\POINTS.OBJ
C:\USERS\SRI\DESKTOP\BACKUP 30_08_2015\SP1FRAMEWORK\DEBUG\SP1FRAMEWORK.EXE.EMBED.MANIFEST.RES
C:\USERS\SRI\DESKTOP\BACKUP 30_08_2015\SP1FRAMEWORK\DEBUG\SP1FRAMEWORK.EXE.INTERMEDIATE.MANIFEST
C:\USERS\SRI\DESKTOP\BACKUP 30_08_2015\SP1FRAMEWORK\DEBUG\TIMER.OBJ
C:\USERS\SRI\DESKTOP\BACKUP 30_08_2015\SP1FRAMEWORK\DEBUG\VC100.PDB
C:\USERS\SRI\DESKTOP\GREED\USE THE GREED PROJECT FILE FROM HERE\GREED PROJECT FILE\DEBUG\SP1FRAMEWORK.EXE
C:\USERS\SRI\DESKTOP\GREED\USE THE GREED PROJECT FILE FROM HERE\GREED PROJECT FILE\DEBUG\SP1FRAMEWORK.ILK
C:\USERS\SRI\DESKTOP\GREED\USE THE GREED PROJECT FILE FROM HERE\GREED PROJECT FILE\DEBUG\SP1FRAMEWORK.PDB
C:\USERS\SRI\DESKTOP\GREED\USE THE GREED PROJECT FILE FROM HERE\GREED PROJECT FILE\SP1FRAMEWORK\DEBUG\BOARD.OBJ
C:\USERS\SRI\DESKTOP\GREED\USE THE GREED PROJECT FILE FROM HERE\GREED PROJECT FILE\SP1FRAMEWORK\DEBUG\CONSOLE.OBJ
C:\USERS\SRI\DESKTOP\GREED\USE THE GREED PROJECT FILE FROM HERE\GREED PROJECT FILE\SP1FRAMEWORK\DEBUG\DIFFICULTY.OBJ
C:\USERS\SRI\DESKTOP\GREED\USE THE GREED PROJECT FILE FROM HERE\GREED PROJECT FILE\SP1FRAMEWORK\DEBUG\GAME.OBJ
C:\USERS\SRI\DESKTOP\GREED\USE THE GREED PROJECT FILE FROM HERE\GREED PROJECT FILE\SP1FRAMEWORK\DEBUG\GAMEGUI.OBJ
C:\USERS\SRI\DESKTOP\GREED\USE THE GREED PROJECT FILE FROM HERE\GREED PROJECT FILE\SP1FRAMEWORK\DEBUG\HINTING.OBJ
C:\USERS\SRI\DESKTOP\GREED\USE THE GREED PROJECT FILE FROM HERE\GREED PROJECT FILE\SP1FRAMEWORK\DEBUG\LOADING.OBJ
C:\USERS\SRI\DESKTOP\GREED\USE THE GREED PROJECT FILE FROM HERE\GREED PROJECT FILE\SP1FRAMEWORK\DEBUG\MAIN.OBJ
C:\USERS\SRI\DESKTOP\GREED\USE THE GREED PROJECT FILE FROM HERE\GREED PROJECT FILE\SP1FRAMEWORK\DEBUG\MOVE.OBJ
C:\USERS\SRI\DESKTOP\GREED\USE THE GREED PROJECT FILE FROM HERE\GREED PROJECT FILE\SP1FRAMEWORK\DEBUG\PLAYERMENU.OBJ
C:\USERS\SRI\DESKTOP\GREED\USE THE GREED PROJECT FILE FROM HERE\GREED PROJECT FILE\SP1FRAMEWORK\DEBUG\POINTS.OBJ
C:\USERS\SRI\DESKTOP\GREED\USE THE GREED PROJECT FILE FROM HERE\GREED PROJECT FILE\SP1FRAMEWORK\DEBUG\SP1FRAMEWORK.EXE.EMBED.MANIFEST
C:\USERS\SRI\DESKTOP\GREED\USE THE GREED PROJECT FILE FROM HERE\GREED PROJECT FILE\SP1FRAMEWORK\DEBUG\SP1FRAMEWORK.EXE.EMBED.MANIFEST.RES
C:\USERS\SRI\DESKTOP\GREED\USE THE GREED PROJECT FILE FROM HERE\GREED PROJECT FILE\SP1FRAMEWORK\DEBUG\SP1FRAMEWORK.EXE.INTERMEDIATE.MANIFEST
C:\USERS\SRI\DESKTOP\GREED\USE THE GREED PROJECT FILE FROM HERE\GREED PROJECT FILE\SP1FRAMEWORK\DEBUG\TIMER.OBJ
C:\USERS\SRI\DESKTOP\GREED\USE THE GREED PROJECT FILE FROM HERE\GREED PROJECT FILE\SP1FRAMEWORK\DEBUG\VC100.PDB
